<?xml version="1.0" encoding="UTF-8"?>
<testng-results ignored="0" total="4" passed="4" failed="0" skipped="0">
  <reporter-output>
  </reporter-output>
  <suite started-at="2022-08-29T02:30:51 EDT" name="All Test Suite" finished-at="2022-08-29T02:31:32 EDT" duration-ms="41367">
    <groups>
    </groups>
    <test started-at="2022-08-29T02:30:51 EDT" name="/Users/yadhubalan/IdeaProjects/QAStudy_POM" finished-at="2022-08-29T02:31:32 EDT" duration-ms="41367">
      <class name="VerifyIncorrectUserName">
        <test-method is-config="true" signature="OpenBrowser()[pri:0, instance:VerifyIncorrectUserName@d4342c2]" started-at="2022-08-29T02:31:05 EDT" name="OpenBrowser" finished-at="2022-08-29T02:31:13 EDT" duration-ms="7691" status="PASS">
          <reporter-output>
          </reporter-output>
        </test-method> <!-- OpenBrowser -->
        <test-method signature="verifyIncorrectuserName()[pri:0, instance:VerifyIncorrectUserName@d4342c2]" started-at="2022-08-29T02:31:13 EDT" name="verifyIncorrectuserName" finished-at="2022-08-29T02:31:14 EDT" duration-ms="1165" status="PASS">
          <reporter-output>
          </reporter-output>
        </test-method> <!-- verifyIncorrectuserName -->
        <test-method is-config="true" signature="CloseBrowser()[pri:0, instance:VerifyIncorrectUserName@d4342c2]" started-at="2022-08-29T02:31:14 EDT" name="CloseBrowser" finished-at="2022-08-29T02:31:14 EDT" duration-ms="200" status="PASS">
          <reporter-output>
          </reporter-output>
        </test-method> <!-- CloseBrowser -->
      </class> <!-- VerifyIncorrectUserName -->
      <class name="VerifySuccesfullLogin">
        <test-method is-config="true" signature="OpenBrowser()[pri:0, instance:VerifySuccesfullLogin@163e4e87]" started-at="2022-08-29T02:31:23 EDT" name="OpenBrowser" finished-at="2022-08-29T02:31:29 EDT" duration-ms="6547" status="PASS">
          <reporter-output>
          </reporter-output>
        </test-method> <!-- OpenBrowser -->
        <test-method signature="verifySuccesfulLogin()[pri:0, instance:VerifySuccesfullLogin@163e4e87]" started-at="2022-08-29T02:31:29 EDT" name="verifySuccesfulLogin" finished-at="2022-08-29T02:31:32 EDT" duration-ms="2918" status="PASS">
          <reporter-output>
          </reporter-output>
        </test-method> <!-- verifySuccesfulLogin -->
        <test-method is-config="true" signature="CloseBrowser()[pri:0, instance:VerifySuccesfullLogin@163e4e87]" started-at="2022-08-29T02:31:32 EDT" name="CloseBrowser" finished-at="2022-08-29T02:31:32 EDT" duration-ms="167" status="PASS">
          <reporter-output>
          </reporter-output>
        </test-method> <!-- CloseBrowser -->
      </class> <!-- VerifySuccesfullLogin -->
      <class name="VerifyIncorrectPassword">
        <test-method is-config="true" signature="OpenBrowser()[pri:0, instance:VerifyIncorrectPassword@2bbf180e]" started-at="2022-08-29T02:31:14 EDT" name="OpenBrowser" finished-at="2022-08-29T02:31:21 EDT" duration-ms="6671" status="PASS">
          <reporter-output>
          </reporter-output>
        </test-method> <!-- OpenBrowser -->
        <test-method signature="verifyIncorrectPassword()[pri:0, instance:VerifyIncorrectPassword@2bbf180e]" started-at="2022-08-29T02:31:21 EDT" name="verifyIncorrectPassword" finished-at="2022-08-29T02:31:23 EDT" duration-ms="1547" status="PASS">
          <reporter-output>
          </reporter-output>
        </test-method> <!-- verifyIncorrectPassword -->
        <test-method is-config="true" signature="CloseBrowser()[pri:0, instance:VerifyIncorrectPassword@2bbf180e]" started-at="2022-08-29T02:31:23 EDT" name="CloseBrowser" finished-at="2022-08-29T02:31:23 EDT" duration-ms="150" status="PASS">
          <reporter-output>
          </reporter-output>
        </test-method> <!-- CloseBrowser -->
      </class> <!-- VerifyIncorrectPassword -->
      <class name="VerifyURL">
        <test-method is-config="true" signature="OpenBrowser()[pri:0, instance:VerifyURL@63a65a25]" started-at="2022-08-29T02:30:51 EDT" name="OpenBrowser" finished-at="2022-08-29T02:31:05 EDT" duration-ms="13989" status="PASS">
          <reporter-output>
          </reporter-output>
        </test-method> <!-- OpenBrowser -->
        <test-method signature="verifyURL()[pri:0, instance:VerifyURL@63a65a25]" started-at="2022-08-29T02:31:05 EDT" name="verifyURL" finished-at="2022-08-29T02:31:05 EDT" duration-ms="99" status="PASS">
          <reporter-output>
          </reporter-output>
        </test-method> <!-- verifyURL -->
        <test-method is-config="true" signature="CloseBrowser()[pri:0, instance:VerifyURL@63a65a25]" started-at="2022-08-29T02:31:05 EDT" name="CloseBrowser" finished-at="2022-08-29T02:31:05 EDT" duration-ms="163" status="PASS">
          <reporter-output>
          </reporter-output>
        </test-method> <!-- CloseBrowser -->
      </class> <!-- VerifyURL -->
    </test> <!-- /Users/yadhubalan/IdeaProjects/QAStudy_POM -->
  </suite> <!-- All Test Suite -->
</testng-results>
