<?xml version="1.0" encoding="UTF-8"?>
<!-- Generated by org.testng.reporters.JUnitXMLReporter -->
<testsuite ignored="0" hostname="yadhubalans-MacBook-Pro.local" failures="0" tests="4" name="/Users/yadhubalan/IdeaProjects/QAStudy_POM" time="41.367" errors="0" timestamp="2022-08-29T02:31:37 EDT">
  <testcase classname="VerifyURL" name="verifyURL" time="0.099"/>
  <testcase classname="VerifyIncorrectUserName" name="verifyIncorrectuserName" time="1.165"/>
  <testcase classname="VerifyIncorrectPassword" name="verifyIncorrectPassword" time="1.547"/>
  <testcase classname="VerifySuccesfullLogin" name="verifySuccesfulLogin" time="2.918"/>
</testsuite> <!-- /Users/yadhubalan/IdeaProjects/QAStudy_POM -->
